#0 building with "rancher-desktop" instance using docker driver

#1 [internal] load build definition from Dockerfile
#1 transferring dockerfile: 1.10kB done
#1 DONE 0.0s

#2 [internal] load metadata for docker.io/library/node:18-alpine
#2 DONE 0.3s

#3 [internal] load .dockerignore
#3 transferring context: 273B done
#3 DONE 0.0s

#4 [stage-1  1/12] FROM docker.io/library/node:18-alpine@sha256:8d6421d663b4c28fd3ebc498332f249011d118945588d0a35cb9bc4b8ca09d9e
#4 DONE 0.0s

#5 [internal] load build context
#5 transferring context: 31.54kB done
#5 DONE 0.0s

#6 [stage-1  5/12] RUN npm ci --only=production
#6 CACHED

#7 [stage-1  4/12] COPY prisma ./prisma/
#7 CACHED

#8 [stage-1  2/12] WORKDIR /app
#8 CACHED

#9 [stage-1  3/12] COPY package*.json ./
#9 CACHED

#10 [stage-1  6/12] RUN npx prisma generate
#10 CACHED

#11 [builder 5/8] RUN npm ci
#11 CACHED

#12 [builder 6/8] COPY . .
#12 DONE 0.1s

#13 [builder 7/8] RUN npx prisma generate
#13 0.938 prisma:warn Prisma failed to detect the libssl/openssl version to use, and may not work as expected. Defaulting to "openssl-1.1.x".
#13 0.938 Please manually install OpenSSL and try installing Prisma again.
#13 1.071 Environment variables loaded from .env
#13 1.072 Prisma schema loaded from prisma/schema.prisma
#13 1.107 prisma:warn Prisma failed to detect the libssl/openssl version to use, and may not work as expected. Defaulting to "openssl-1.1.x".
#13 1.107 Please manually install OpenSSL and try installing Prisma again.
#13 1.759 
#13 1.759 ✔ Generated Prisma Client (v5.22.0) to ./node_modules/@prisma/client in 227ms
#13 1.759 
#13 1.759 Start by importing your Prisma Client (See: https://pris.ly/d/importing-client)
#13 1.759 
#13 1.759 Tip: Easily identify and fix slow SQL queries in your app. Optimize helps you enhance your visibility: https://pris.ly/--optimize
#13 1.759 
#13 DONE 2.0s

#14 [builder 8/8] RUN npm run build
#14 0.466 
#14 0.466 > enterprise-architecture-maturity-platform@1.0.0 build
#14 0.466 > next build
#14 0.466 
#14 0.842 Attention: Next.js now collects completely anonymous telemetry regarding usage.
#14 0.842 This information is used to shape Next.js' roadmap and prioritize features.
#14 0.842 You can learn more, including how to opt-out if you'd not like to participate in this anonymous program, by visiting the following URL:
#14 0.842 https://nextjs.org/telemetry
#14 0.842 
#14 0.869    ▲ Next.js 15.5.3
#14 0.869    - Environments: .env
#14 0.869 
#14 0.930    Creating an optimized production build ...
#14 8.173 [baseline-browser-mapping] The data in this module is over two months old.  To ensure accurate Baseline data, please update: `npm i baseline-browser-mapping@latest -D`
#14 15.10 [baseline-browser-mapping] The data in this module is over two months old.  To ensure accurate Baseline data, please update: `npm i baseline-browser-mapping@latest -D`
